
BTC-BRK
Have to BUY BRK

BTC-DOGE
Have to SELL DOGE

BTC-ABY
Have to SELL ABY

BTC-2GIVE
Have to BUY 2GIVE

BTC-BITS
Have to BUY BITS

BTC-GOLOS
Have to BUY GOLOS

BTC-XMG
Have to BUY XMG

BTC-TKS
Have to BUY TKS

BTC-COVAL
Have to BUY COVAL

BTC-CURE
Have to SELL CURE
Bought 18.24940858 coins for 0.00002959. VALUE: 0.0005399999998822 BTC

BTC-GBG
Have to BUY GBG

BTC-NMR
Have to BUY NMR

BTC-MUSIC
Have to BUY MUSIC

BTC-DOGE
Have to SELL DOGE

BTC-BITS
Have to BUY BITS

BTC-ABY
Have to SELL ABY

BTC-2GIVE
Have to BUY 2GIVE

BTC-TKS
Have to BUY TKS

BTC-BRK
Have to BUY BRK

BTC-GOLOS
Have to BUY GOLOS

BTC-XMG
Have to BUY XMG

BTC-COVAL
Have to BUY COVAL

BTC-NMR
Have to BUY NMR

BTC-CURE
Have to SELL CURE
Bought 18.24940858 coins for 0.00002959. VALUE: 0.0005399999998822 BTC

BTC-MUSIC
Have to BUY MUSIC

BTC-GBG
Have to BUY GBG

BTC-DOGE
Have to SELL DOGE

BTC-GBG
Have to BUY GBG

BTC-BITS
Have to BUY BITS

BTC-2GIVE
Have to BUY 2GIVE

BTC-ABY
Have to SELL ABY

BTC-GOLOS
Have to BUY GOLOS

BTC-XMG
Have to BUY XMG

BTC-BRK
Have to BUY BRK

BTC-COVAL
Have to BUY COVAL

BTC-CURE
Have to SELL CURE
Bought 18.24940858 coins for 0.00002959. VALUE: 0.0005399999998822 BTC

BTC-MUSIC
Have to BUY MUSIC

BTC-NMR
Have to BUY NMR

BTC-TKS
Have to BUY TKS

BTC-DOGE
Have to SELL DOGE

BTC-2GIVE
Have to BUY 2GIVE

BTC-ABY
Have to SELL ABY

BTC-BITS
Have to BUY BITS

BTC-TKS
Have to BUY TKS

BTC-BRK
Have to BUY BRK

BTC-XMG
Have to BUY XMG

BTC-GOLOS
Have to BUY GOLOS

BTC-COVAL
Have to BUY COVAL

BTC-CURE
Have to SELL CURE
Bought 18.24940858 coins for 0.00002959. VALUE: 0.0005399999998822 BTC

BTC-MUSIC
Have to BUY MUSIC

BTC-GBG
Have to BUY GBG

BTC-NMR
Have to BUY NMR

BTC-BITS
Have to BUY BITS

BTC-ABY
Have to SELL ABY

BTC-2GIVE
Have to BUY 2GIVE

BTC-DOGE
Have to SELL DOGE

BTC-BRK
Have to BUY BRK

BTC-XMG
Have to BUY XMG

BTC-TKS
Have to BUY TKS

BTC-GOLOS
Have to BUY GOLOS

BTC-COVAL
Have to BUY COVAL

BTC-MUSIC
Have to BUY MUSIC

BTC-CURE
Have to SELL CURE
Bought 18.24940858 coins for 0.00002959. VALUE: 0.0005399999998822 BTC

BTC-NMR
Have to BUY NMR

BTC-GBG
Have to BUY GBG

BTC-DOGE
Have to SELL DOGE

BTC-MUSIC
Have to BUY MUSIC

BTC-BITS
Have to BUY BITS

BTC-ABY
Have to SELL ABY

BTC-GOLOS
Have to BUY GOLOS

BTC-TKS
Have to BUY TKS

BTC-2GIVE
Have to BUY 2GIVE

BTC-BRK
Have to BUY BRK

BTC-COVAL
Have to BUY COVAL

BTC-XMG
Have to BUY XMG

BTC-CURE
Have to SELL CURE
Bought 18.24940858 coins for 0.00002959. VALUE: 0.0005399999998822 BTC

BTC-GBG
Have to BUY GBG

BTC-NMR
Have to BUY NMR

BTC-BITS
Have to BUY BITS

BTC-GOLOS
Have to BUY GOLOS

BTC-ABY
Have to SELL ABY

BTC-DOGE
Have to SELL DOGE

BTC-2GIVE
Have to BUY 2GIVE

BTC-XMG
Have to BUY XMG

BTC-TKS
Have to BUY TKS

BTC-CURE
Have to SELL CURE
Bought 18.24940858 coins for 0.00002959. VALUE: 0.0005399999998822 BTC

BTC-BRK
Have to BUY BRK

BTC-COVAL
Have to BUY COVAL

BTC-MUSIC
Have to BUY MUSIC

BTC-NMR
Have to BUY NMR

BTC-GBG
Have to BUY GBG

BTC-DOGE
Have to SELL DOGE

BTC-COVAL
Have to BUY COVAL

BTC-BITS
Have to BUY BITS

BTC-2GIVE
Have to BUY 2GIVE

BTC-GOLOS
Have to BUY GOLOS

BTC-ABY
Have to SELL ABY

BTC-TKS
Have to BUY TKS

BTC-XMG
Have to BUY XMG

BTC-MUSIC
Have to BUY MUSIC

BTC-BRK
Have to BUY BRK

BTC-CURE
Have to SELL CURE
Bought 18.24940858 coins for 0.00002959. VALUE: 0.0005399999998822 BTC

BTC-NMR
Have to BUY NMR

BTC-GBG
Have to BUY GBG
